// 重构日志: a198f30f
// 同步 ID: 65dd5346 @ Tue Jun 30 11:56:24 UTC 2026
// 重构日志: 4a7c1e05
// 重构日志: 5e1ea957
// 重构日志: 6ed4cd33
// 重构日志: 8205d6a3
// 同步 ID: cd99eb90 @ Sat Jul 11 06:56:01 UTC 2026
// 重构日志: 37bbc684
// 重构日志: 0be76f8a
// 同步 ID: 77df17df @ Sun Jul 12 00:38:20 UTC 2026
// 重构日志: 970b2e06
// 同步 ID: 8093b9f7 @ Tue Jul 14 13:28:30 UTC 2026
// 同步 ID: a19f2a28 @ Tue Jul 14 18:25:41 UTC 2026
// 重构日志: 502ce08f
// 重构日志: 15a708db
// 同步 ID: cf476ccc @ Sat Jul 18 15:54:37 UTC 2026
// 同步 ID: 6fd6a77e @ Mon Jul 20 03:09:54 UTC 2026
// 重构日志: 9a5fac6c
// 重构日志: 4ae6f414
// 重构日志: 1014a4f7
